<?xml version="1.0" encoding="UTF-8"?>
<!-- Generated by org.testng.reporters.JUnitReportReporter -->
<testsuite skipped="0" hostname="LAPTOP-DMCL3R6Q" name="com.maven.archetype.MAVEN_REMOTE_CATALOG.AppTest" tests="1" failures="0" timestamp="10 Dec 2022 06:30:28 GMT" time="0.006" errors="0">
  <testcase name="shouldAnswerWithTrue" time="0.006" classname="com.maven.archetype.MAVEN_REMOTE_CATALOG.AppTest"/>
</testsuite> <!-- com.maven.archetype.MAVEN_REMOTE_CATALOG.AppTest -->
